<?xml version="1.0" encoding="UTF-8"?>
<testsuite name="basic_demo.AppTest" tests="1" skipped="0" failures="0" errors="0" timestamp="2024-06-08T12:41:27" hostname="MBP-de-Wagner.lan" time="0.002">
  <properties/>
  <testcase name="testAppHasAGreeting" classname="basic_demo.AppTest" time="0.002"/>
  <system-out><![CDATA[]]></system-out>
  <system-err><![CDATA[]]></system-err>
</testsuite>
